<?xml version="1.0" encoding="UTF-8"?>
<!-- Generated by org.testng.reporters.JUnitXMLReporter -->
<testsuite hostname="DESKTOP-9KMBQK4" ignored="0" name="LinkedinTest" tests="4" failures="0" timestamp="2020-12-25T13:20:13 IST" time="240.765" errors="0">
  <testcase name="searchPeopleTest" time="13.088" classname="com.qa.linkedin.test.SearchDDTest"/>
  <testcase name="searchPeopleTest" time="9.294" classname="com.qa.linkedin.test.SearchDDTest"/>
  <testcase name="searchPeopleTest" time="12.571" classname="com.qa.linkedin.test.SearchDDTest"/>
  <testcase name="searchPeopleTest" time="5.513" classname="com.qa.linkedin.test.SearchDDTest"/>
</testsuite> <!-- LinkedinTest -->
