<?xml version="1.0" encoding="UTF-8"?>
<!-- Generated by org.testng.reporters.JUnitXMLReporter -->
<testsuite hostname="DESKTOP-9KMBQK4" ignored="0" name="LinkedinTest" tests="4" failures="0" timestamp="2020-12-20T17:20:29 IST" time="240.809" errors="0">
  <testcase name="searchPeopleTest" time="7.262" classname="com.qa.linkedin.test.SearchDDTest"/>
  <testcase name="searchPeopleTest" time="5.823" classname="com.qa.linkedin.test.SearchDDTest"/>
  <testcase name="searchPeopleTest" time="13.454" classname="com.qa.linkedin.test.SearchDDTest"/>
  <testcase name="searchPeopleTest" time="7.464" classname="com.qa.linkedin.test.SearchDDTest"/>
</testsuite> <!-- LinkedinTest -->
